\BOOKMARK [1][-]{section.1}{\376\377\000I\000n\000t\000r\000o\000d\000u\000c\000t\000i\000o\000n}{}% 1
\BOOKMARK [2][-]{subsection.1.1}{\376\377\000O\000b\000j\000e\000c\000t\000i\000v\000e\000s\000\040\000o\000f\000\040\000M\000L\000O\000p\000s}{section.1}% 2
\BOOKMARK [1][-]{section.2}{\376\377\000C\000o\000m\000p\000o\000n\000e\000n\000t\000s\000\040\000o\000f\000\040\000M\000L\000O\000p\000s}{}% 3
\BOOKMARK [2][-]{subsection.2.1}{\376\377\000D\000e\000s\000i\000g\000n}{section.2}% 4
\BOOKMARK [2][-]{subsection.2.2}{\376\377\000M\000o\000d\000e\000l\000\040\000D\000e\000v\000e\000l\000o\000p\000m\000e\000n\000t}{section.2}% 5
\BOOKMARK [2][-]{subsection.2.3}{\376\377\000O\000p\000e\000r\000a\000t\000i\000o\000n\000s}{section.2}% 6
\BOOKMARK [1][-]{section.3}{\376\377\000I\000n\000t\000r\000o\000d\000u\000c\000t\000i\000o\000n\000\040\000t\000o\000\040\000V\000e\000r\000s\000i\000o\000n\000\040\000C\000o\000n\000t\000r\000o\000l}{}% 7
\BOOKMARK [1][-]{section.4}{\376\377\000K\000e\000y\000\040\000a\000s\000p\000e\000c\000t\000s\000\040\000o\000f\000\040\000D\000a\000t\000a\000\040\000V\000e\000r\000s\000i\000o\000n\000i\000n\000g}{}% 8
\BOOKMARK [1][-]{section.5}{\376\377\000R\000e\000s\000e\000a\000r\000c\000h\000\040\000Q\000u\000e\000s\000t\000i\000o\000n\000s}{}% 9
\BOOKMARK [1][-]{section.6}{\376\377\000D\000a\000t\000a\000\040\000V\000e\000r\000s\000i\000o\000n\000i\000n\000g\000\040\000T\000o\000o\000l\000s\000:\000\040\000D\000V\000C}{}% 10
\BOOKMARK [1][-]{section.7}{\376\377\000D\000e\000m\000o\000\040\000P\000r\000o\000b\000l\000e\000m}{}% 11
\BOOKMARK [2][-]{subsection.7.1}{\376\377\000D\000a\000t\000a\000\040\000V\000e\000r\000s\000i\000o\000n\000i\000n\000g\000:\000\040\000D\000V\000C\000\040\000I\000m\000p\000l\000e\000m\000e\000n\000t\000a\000t\000i\000o\000n}{section.7}% 12
\BOOKMARK [3][-]{subsubsection.7.1.1}{\376\377\000I\000n\000i\000t\000i\000a\000l\000i\000s\000e\000\040\000G\000i\000t\000\040\000a\000n\000d\000\040\000D\000V\000C}{subsection.7.1}% 13
\BOOKMARK [3][-]{subsubsection.7.1.2}{\376\377\000V\000e\000r\000s\000i\000o\000n\000i\000n\000g\000\040\000M\000L\000\040\000A\000r\000t\000e\000f\000a\000c\000t\000s}{subsection.7.1}% 14
\BOOKMARK [3][-]{subsubsection.7.1.3}{\376\377\000S\000t\000o\000r\000i\000n\000g\000\040\000V\000e\000r\000s\000i\000o\000n\000e\000d\000\040\000M\000L\000\040\000A\000r\000t\000e\000f\000a\000c\000t\000s}{subsection.7.1}% 15
\BOOKMARK [3][-]{subsubsection.7.1.4}{\376\377\000R\000e\000t\000r\000i\000e\000v\000i\000n\000g\000\040\000M\000L\000\040\000A\000r\000t\000e\000f\000a\000c\000t\000s}{subsection.7.1}% 16
\BOOKMARK [3][-]{subsubsection.7.1.5}{\376\377\000M\000a\000k\000i\000n\000g\000\040\000c\000h\000a\000n\000g\000e\000s\000\040\000o\000n\000\040\000D\000a\000t\000a\000s\000e\000t}{subsection.7.1}% 17
\BOOKMARK [3][-]{subsubsection.7.1.6}{\376\377\000S\000w\000i\000t\000c\000h\000\040\000b\000e\000t\000w\000e\000e\000n\000\040\000V\000e\000r\000s\000i\000o\000n\000s}{subsection.7.1}% 18
\BOOKMARK [1][-]{section.8}{\376\377\000I\000m\000p\000l\000e\000m\000e\000n\000t\000a\000t\000i\000o\000n\000\040\000D\000e\000t\000a\000i\000l\000s}{}% 19
\BOOKMARK [1][-]{section.9}{\376\377\000C\000o\000n\000c\000l\000u\000s\000i\000o\000n}{}% 20
\BOOKMARK [1][-]{section.10}{\376\377\000R\000e\000f\000e\000r\000e\000n\000c\000e\000s}{}% 21
